<?xml version="1.0" encoding="UTF-8"?>
<testsuite xmlns:xsi="http://www.w3.org/2001/XMLSchema-instance" xsi:noNamespaceSchemaLocation="https://maven.apache.org/surefire/maven-surefire-plugin/xsd/surefire-test-report.xsd" version="3.0.2" name="com.anime.Aniflix.AniflixApplicationTests" time="4.292" tests="1" errors="0" skipped="0" failures="0">
  <properties>
[...]
</properties>
  <testcase name="contextLoads" classname="com.anime.Aniflix.AniflixApplicationTests" time="0.953">
    <system-out><![CDATA[19:46:19.840 [main] INFO org.springframework.test.context.support.AnnotationConfigContextLoaderUtils -- Could not detect default configuration classes for test class [com.anime.Aniflix.AniflixApplicationTests]: AniflixApplicationTests does not declare any static, non-private, non-final, nested classes annotated with @Configuration.
19:46:20.007 [main] INFO org.springframework.boot.test.context.SpringBootTestContextBootstrapper -- Found @SpringBootConfiguration com.anime.Aniflix.AniflixApplication for test class com.anime.Aniflix.AniflixApplicationTests
19:46:20.288 [main] INFO org.springframework.boot.devtools.restart.RestartApplicationListener -- Restart disabled due to context in which it is running

  .   ____          _            __ _ _
 /\\ / ___'_ __ _ _(_)_ __  __ _ \ \ \ \
( ( )\___ | '_ | '_| | '_ \/ _` | \ \ \ \
 \\/  ___)| |_)| | | | | || (_| |  ) ) ) )
  '  |____| .__|_| |_|_| |_\__, | / / / /
 =========|_|==============|___/=/_/_/_/

 :: Spring Boot ::       (v3.5.0-SNAPSHOT)

2025-07-30T19:46:20.704+05:30  INFO 20868 --- [Aniflix] [           main] c.anime.Aniflix.AniflixApplicationTests  : Starting AniflixApplicationTests using Java 21 with PID 20868 (started by HP in C:\Users\HP\IdeaProjects\Anihub)
2025-07-30T19:46:20.706+05:30  INFO 20868 --- [Aniflix] [           main] c.anime.Aniflix.AniflixApplicationTests  : No active profile set, falling back to 1 default profile: "default"
2025-07-30T19:46:22.468+05:30  INFO 20868 --- [Aniflix] [           main] o.s.b.a.w.s.WelcomePageHandlerMapping    : Adding welcome page template: index
2025-07-30T19:46:22.936+05:30  INFO 20868 --- [Aniflix] [           main] c.anime.Aniflix.AniflixApplicationTests  : Started AniflixApplicationTests in 2.663 seconds (process running for 4.085)
]]></system-out>
    <system-err><![CDATA[Mockito is currently self-attaching to enable the inline-mock-maker. This will no longer work in future releases of the JDK. Please add Mockito as an agent to your build as described in Mockito's documentation: https://javadoc.io/doc/org.mockito/mockito-core/latest/org.mockito/org/mockito/Mockito.html#0.3
WARNING: A Java agent has been loaded dynamically (C:\Users\HP\.m2\repository\net\bytebuddy\byte-buddy-agent\1.17.5\byte-buddy-agent-1.17.5.jar)
WARNING: If a serviceability tool is in use, please run with -XX:+EnableDynamicAgentLoading to hide this warning
WARNING: If a serviceability tool is not in use, please run with -Djdk.instrument.traceUsage for more information
WARNING: Dynamic loading of agents will be disallowed by default in a future release
]]></system-err>
  </testcase>
</testsuite>